<?xml version="1.0" encoding="UTF-8"?>
<testng-results ignored="0" total="1" passed="1" failed="0" skipped="0">
  <reporter-output>
  </reporter-output>
  <suite started-at="2024-07-21T19:49:04 IST" name="Suite" finished-at="2024-07-21T19:49:17 IST" duration-ms="12888">
    <groups>
    </groups>
    <test started-at="2024-07-21T19:49:04 IST" name="LoginTest" finished-at="2024-07-21T19:49:17 IST" duration-ms="12888">
      <class name="com.eBanking.testCases.TC_LoginTest_001">
        <test-method is-config="true" signature="setUp(java.lang.String)[pri:0, instance:com.eBanking.testCases.TC_LoginTest_001@c8c12ac]" started-at="2024-07-21T19:49:04 IST" name="setUp" finished-at="2024-07-21T19:49:13 IST" duration-ms="9419" status="PASS">
          <params>
            <param index="0">
              <value>
                <![CDATA[chrome]]>
              </value>
            </param>
          </params>
          <reporter-output>
          </reporter-output>
        </test-method> <!-- setUp -->
        <test-method signature="loginTest()[pri:0, instance:com.eBanking.testCases.TC_LoginTest_001@c8c12ac]" started-at="2024-07-21T19:49:13 IST" name="loginTest" finished-at="2024-07-21T19:49:16 IST" duration-ms="2668" status="PASS">
          <reporter-output>
          </reporter-output>
        </test-method> <!-- loginTest -->
        <test-method is-config="true" signature="tearDown()[pri:0, instance:com.eBanking.testCases.TC_LoginTest_001@c8c12ac]" started-at="2024-07-21T19:49:16 IST" name="tearDown" finished-at="2024-07-21T19:49:17 IST" duration-ms="694" status="PASS">
          <reporter-output>
          </reporter-output>
        </test-method> <!-- tearDown -->
      </class> <!-- com.eBanking.testCases.TC_LoginTest_001 -->
    </test> <!-- LoginTest -->
  </suite> <!-- Suite -->
</testng-results>
